<?xml version="1.0" encoding="UTF-8"?>
<!-- Generated by org.testng.reporters.JUnitReportReporter -->
<testsuite hostname="ARJDU-D-0335" failures="0" tests="6" name="api.test.DataDrivenTests" time="13.128" errors="0" timestamp="2024-05-14T15:50:12 IST" skipped="0">
  <testcase classname="api.test.DataDrivenTests" name="testPostUser" time="6.973"/>
  <system-out/>
  <testcase classname="api.test.DataDrivenTests" name="testPostUser" time="1.259"/>
  <system-out/>
  <testcase classname="api.test.DataDrivenTests" name="testPostUser" time="1.266"/>
  <system-out/>
  <testcase classname="api.test.DataDrivenTests" name="testDeleteUserByName" time="1.133"/>
  <system-out/>
  <testcase classname="api.test.DataDrivenTests" name="testDeleteUserByName" time="1.259"/>
  <system-out/>
  <testcase classname="api.test.DataDrivenTests" name="testDeleteUserByName" time="1.238"/>
  <system-out/>
</testsuite> <!-- api.test.DataDrivenTests -->
