<?xml version="1.0" encoding="UTF-8"?>
<!-- Generated by org.testng.reporters.JUnitReportReporter -->
<testsuite hostname="ARJDU-D-0335" failures="0" tests="4" name="api.test.UserTests2" time="12.574" errors="0" timestamp="2024-05-15T09:20:53 IST" skipped="0">
  <testcase classname="api.test.UserTests2" name="testPostUser" time="7.738"/>
  <system-out/>
  <testcase classname="api.test.UserTests2" name="testGetUser" time="1.252"/>
  <system-out/>
  <testcase classname="api.test.UserTests2" name="testUpdateUser" time="2.362"/>
  <system-out/>
  <testcase classname="api.test.UserTests2" name="testDeleteUser" time="1.222"/>
  <system-out/>
</testsuite> <!-- api.test.UserTests2 -->
