<?xml version="1.0" encoding="UTF-8"?>
<!-- Generated by org.testng.reporters.JUnitReportReporter -->
<testsuite hostname="ARJDU-D-0335" failures="0" tests="4" name="api.test.UserTests2" time="10.535" errors="0" timestamp="2024-05-15T15:54:58 IST" skipped="0">
  <testcase classname="api.test.UserTests2" name="testPostUser" time="5.589"/>
  <system-out/>
  <testcase classname="api.test.UserTests2" name="testGetUser" time="1.362"/>
  <system-out/>
  <testcase classname="api.test.UserTests2" name="testUpdateUser" time="2.418"/>
  <system-out/>
  <testcase classname="api.test.UserTests2" name="testDeleteUser" time="1.166"/>
  <system-out/>
</testsuite> <!-- api.test.UserTests2 -->
