<?xml version="1.0" encoding="UTF-8"?>
<!-- Generated by org.testng.reporters.JUnitReportReporter -->
<testsuite hostname="ARJDU-D-0335" failures="0" tests="4" name="api.test.UserTests" time="10.124" errors="0" timestamp="2024-05-14T17:35:05 IST" skipped="0">
  <testcase classname="api.test.UserTests" name="testPostUser" time="5.162"/>
  <system-out/>
  <testcase classname="api.test.UserTests" name="testGetUser" time="1.313"/>
  <system-out/>
  <testcase classname="api.test.UserTests" name="testUpdateUser" time="2.452"/>
  <system-out/>
  <testcase classname="api.test.UserTests" name="testDeleteUser" time="1.197"/>
  <system-out/>
</testsuite> <!-- api.test.UserTests -->
